Using pre-set license
Built from '2021.1/release' branch; Version is '2021.1.4f1 (4cd64a618c1b) revision 5035594'; Using compiler version '192528614'; Build Type 'Release'
OS: 'Windows 10 Home; OS build 19043.1706; Version 2009; 64bit' Language: 'en' Physical Memory: 16330 MB
BatchMode: 1, IsHumanControllingUs: 0, StartBugReporterOnCrash: 0, Is64bit: 1, IsPro: 0

 COMMAND LINE ARGUMENTS:
C:\Program Files\Unity\Hub\Editor\2021.1.4f1\Editor\Unity.exe
-adb2
-batchMode
-noUpm
-name
AssetImportWorker0
-projectPath
C:/Users/maxfr/Documents/GitHub/Ghosty
-logFile
Logs/AssetImportWorker0.log
-srvPort
56649
Successfully changed project path to: C:/Users/maxfr/Documents/GitHub/Ghosty
C:/Users/maxfr/Documents/GitHub/Ghosty
Using Asset Import Pipeline V2.
Refreshing native plugins compatible for Editor in 50.85 ms, found 4 plugins.
Preloading 0 native plugins for Editor in 0.00 ms.
Initialize engine version: 2021.1.4f1 (4cd64a618c1b)
[Subsystems] Discovering subsystems at path C:/Program Files/Unity/Hub/Editor/2021.1.4f1/Editor/Data/Resources/UnitySubsystems
[Subsystems] Discovering subsystems at path C:/Users/maxfr/Documents/GitHub/Ghosty/Assets
GfxDevice: creating device client; threaded=0; jobified=0
Direct3D:
    Version:  Direct3D 11.0 [level 11.1]
    Renderer: Radeon RX 580 Series (ID=0x67df)
    Vendor:   ATI
    VRAM:     8171 MB
    Driver:   30.0.13023.4001
Initialize mono
Mono path[0] = 'C:/Program Files/Unity/Hub/Editor/2021.1.4f1/Editor/Data/Managed'
Mono path[1] = 'C:/Program Files/Unity/Hub/Editor/2021.1.4f1/Editor/Data/MonoBleedingEdge/lib/mono/unityjit'
Mono config path = 'C:/Program Files/Unity/Hub/Editor/2021.1.4f1/Editor/Data/MonoBleedingEdge/etc'
Using monoOptions --debugger-agent=transport=dt_socket,embedding=1,server=y,suspend=n,address=127.0.0.1:56212
Begin MonoManager ReloadAssembly
Registering precompiled unity dll's ...
Register platform support module: C:/Program Files/Unity/Hub/Editor/2021.1.4f1/Editor/Data/PlaybackEngines/WebGLSupport/UnityEditor.WebGL.Extensions.dll
Register platform support module: C:/Program Files/Unity/Hub/Editor/2021.1.4f1/Editor/Data/PlaybackEngines/WindowsStandaloneSupport/UnityEditor.WindowsStandalone.Extensions.dll
Registered in 0.003499 seconds.
Native extension for WindowsStandalone target not found
Native extension for WebGL target not found
Refreshing native plugins compatible for Editor in 47.14 ms, found 4 plugins.
Preloading 0 native plugins for Editor in 0.00 ms.
Mono: successfully reloaded assembly
- Completed reload, in  1.479 seconds
Platform modules already initialized, skipping
Registering precompiled user dll's ...
Registered in 0.002341 seconds.
Begin MonoManager ReloadAssembly
Native extension for WindowsStandalone target not found
Native extension for WebGL target not found
Refreshing native plugins compatible for Editor in 47.94 ms, found 4 plugins.
Preloading 0 native plugins for Editor in 0.00 ms.
Mono: successfully reloaded assembly
- Completed reload, in  1.057 seconds
Platform modules already initialized, skipping
========================================================================
Worker process is ready to serve import requests
Launched and connected shader compiler UnityShaderCompiler.exe after 0.04 seconds
Refreshing native plugins compatible for Editor in 0.61 ms, found 4 plugins.
Preloading 0 native plugins for Editor in 0.00 ms.
Unloading 2292 Unused Serialized files (Serialized files now loaded: 0)
System memory in use before: 103.4 MB.
System memory in use after: 103.6 MB.

Unloading 28 unused Assets to reduce memory usage. Loaded Objects now: 2750.
Total: 2.433000 ms (FindLiveObjects: 0.219500 ms CreateObjectMapping: 0.059600 ms MarkObjects: 2.096600 ms  DeleteObjects: 0.055900 ms)

========================================================================
Received Import Request.
  path: Assets/Prefabs/Characters/Dog.prefab
  artifactKey: Guid(3a13f3e800ff37543adba721296cff8e) Importer(815301076,1909f56bfc062723c751e8b465ee728b)
Start importing Assets/Prefabs/Characters/Dog.prefab using Guid(3a13f3e800ff37543adba721296cff8e) Importer(815301076,1909f56bfc062723c751e8b465ee728b)  -> (artifact id: '48b9f7fa6b7c9f1809c2d848106d94c7') in 0.120702 seconds 
========================================================================
Received Import Request.
  Time since last request: 65.545596 seconds.
  path: Assets/Prefabs/Characters/Dog.prefab
  artifactKey: Guid(3a13f3e800ff37543adba721296cff8e) Importer(815301076,1909f56bfc062723c751e8b465ee728b)
Start importing Assets/Prefabs/Characters/Dog.prefab using Guid(3a13f3e800ff37543adba721296cff8e) Importer(815301076,1909f56bfc062723c751e8b465ee728b)  -> (artifact id: '5c11f45b70a013ebcd4239450b2d81c2') in 0.011559 seconds 
========================================================================
Received Prepare
Registering precompiled user dll's ...
Registered in 0.002448 seconds.
Begin MonoManager ReloadAssembly
Native extension for WindowsStandalone target not found
Native extension for WebGL target not found
Refreshing native plugins compatible for Editor in 0.51 ms, found 4 plugins.
Preloading 0 native plugins for Editor in 0.00 ms.
Mono: successfully reloaded assembly
- Completed reload, in  1.019 seconds
Platform modules already initialized, skipping
Refreshing native plugins compatible for Editor in 0.91 ms, found 4 plugins.
Preloading 0 native plugins for Editor in 0.00 ms.
Unloading 2276 Unused Serialized files (Serialized files now loaded: 0)
System memory in use before: 106.2 MB.
System memory in use after: 106.4 MB.

Unloading 16 unused Assets to reduce memory usage. Loaded Objects now: 2760.
Total: 2.763700 ms (FindLiveObjects: 0.267300 ms CreateObjectMapping: 0.058100 ms MarkObjects: 2.417400 ms  DeleteObjects: 0.018400 ms)

========================================================================
Received Import Request.
  Time since last request: 49.561881 seconds.
  path: Assets/Prefabs/Characters/Dog.prefab
  artifactKey: Guid(3a13f3e800ff37543adba721296cff8e) Importer(815301076,1909f56bfc062723c751e8b465ee728b)
Start importing Assets/Prefabs/Characters/Dog.prefab using Guid(3a13f3e800ff37543adba721296cff8e) Importer(815301076,1909f56bfc062723c751e8b465ee728b)  -> (artifact id: '566ec2682cdf4b971cae86c7262ce76a') in 0.063250 seconds 
========================================================================
Received Import Request.
  Time since last request: 43.454747 seconds.
  path: Assets/Scenes/Level 7.unity
  artifactKey: Guid(b1b115bbd9e38ed4d9317a25a1d7a6d3) Importer(815301076,1909f56bfc062723c751e8b465ee728b)
Start importing Assets/Scenes/Level 7.unity using Guid(b1b115bbd9e38ed4d9317a25a1d7a6d3) Importer(815301076,1909f56bfc062723c751e8b465ee728b)  -> (artifact id: '994d308b6023f0126f122ebc7512ef9b') in 0.006349 seconds 
========================================================================
Received Prepare
Registering precompiled user dll's ...
Registered in 0.002396 seconds.
Begin MonoManager ReloadAssembly
Native extension for WindowsStandalone target not found
Native extension for WebGL target not found
Refreshing native plugins compatible for Editor in 0.51 ms, found 4 plugins.
Preloading 0 native plugins for Editor in 0.00 ms.
Mono: successfully reloaded assembly
- Completed reload, in  0.982 seconds
Platform modules already initialized, skipping
Refreshing native plugins compatible for Editor in 0.50 ms, found 4 plugins.
Preloading 0 native plugins for Editor in 0.00 ms.
Unloading 2276 Unused Serialized files (Serialized files now loaded: 0)
System memory in use before: 106.2 MB.
System memory in use after: 106.5 MB.

Unloading 16 unused Assets to reduce memory usage. Loaded Objects now: 2764.
Total: 2.393900 ms (FindLiveObjects: 0.219300 ms CreateObjectMapping: 0.058000 ms MarkObjects: 2.100500 ms  DeleteObjects: 0.015200 ms)

========================================================================
Received Prepare
Registering precompiled user dll's ...
Registered in 0.002438 seconds.
Begin MonoManager ReloadAssembly
Native extension for WindowsStandalone target not found
Native extension for WebGL target not found
Refreshing native plugins compatible for Editor in 0.63 ms, found 4 plugins.
Preloading 0 native plugins for Editor in 0.00 ms.
Mono: successfully reloaded assembly
- Completed reload, in  0.961 seconds
Platform modules already initialized, skipping
Refreshing native plugins compatible for Editor in 0.51 ms, found 4 plugins.
Preloading 0 native plugins for Editor in 0.00 ms.
Unloading 2276 Unused Serialized files (Serialized files now loaded: 0)
System memory in use before: 106.3 MB.
System memory in use after: 106.5 MB.

Unloading 16 unused Assets to reduce memory usage. Loaded Objects now: 2767.
Total: 2.378700 ms (FindLiveObjects: 0.228400 ms CreateObjectMapping: 0.060400 ms MarkObjects: 2.074400 ms  DeleteObjects: 0.014300 ms)

========================================================================
Received Prepare
Registering precompiled user dll's ...
Registered in 0.002421 seconds.
Begin MonoManager ReloadAssembly
Native extension for WindowsStandalone target not found
Native extension for WebGL target not found
Refreshing native plugins compatible for Editor in 0.51 ms, found 4 plugins.
Preloading 0 native plugins for Editor in 0.00 ms.
Mono: successfully reloaded assembly
- Completed reload, in  0.958 seconds
Platform modules already initialized, skipping
Refreshing native plugins compatible for Editor in 0.55 ms, found 4 plugins.
Preloading 0 native plugins for Editor in 0.00 ms.
Unloading 2276 Unused Serialized files (Serialized files now loaded: 0)
System memory in use before: 106.3 MB.
System memory in use after: 106.5 MB.

Unloading 16 unused Assets to reduce memory usage. Loaded Objects now: 2770.
Total: 2.451800 ms (FindLiveObjects: 0.250400 ms CreateObjectMapping: 0.062900 ms MarkObjects: 2.121900 ms  DeleteObjects: 0.015400 ms)

========================================================================
Received Prepare
Registering precompiled user dll's ...
Registered in 0.002570 seconds.
Begin MonoManager ReloadAssembly
Native extension for WindowsStandalone target not found
Native extension for WebGL target not found
Refreshing native plugins compatible for Editor in 0.54 ms, found 4 plugins.
Preloading 0 native plugins for Editor in 0.00 ms.
Mono: successfully reloaded assembly
- Completed reload, in  0.954 seconds
Platform modules already initialized, skipping
Refreshing native plugins compatible for Editor in 0.50 ms, found 4 plugins.
Preloading 0 native plugins for Editor in 0.00 ms.
Unloading 2276 Unused Serialized files (Serialized files now loaded: 0)
System memory in use before: 106.2 MB.
System memory in use after: 106.4 MB.

Unloading 16 unused Assets to reduce memory usage. Loaded Objects now: 2773.
Total: 2.438800 ms (FindLiveObjects: 0.212600 ms CreateObjectMapping: 0.058800 ms MarkObjects: 2.151200 ms  DeleteObjects: 0.015300 ms)

========================================================================
Received Prepare
Registering precompiled user dll's ...
Registered in 0.002393 seconds.
Begin MonoManager ReloadAssembly
Native extension for WindowsStandalone target not found
Native extension for WebGL target not found
Refreshing native plugins compatible for Editor in 0.51 ms, found 4 plugins.
Preloading 0 native plugins for Editor in 0.00 ms.
Mono: successfully reloaded assembly
- Completed reload, in  0.945 seconds
Platform modules already initialized, skipping
Refreshing native plugins compatible for Editor in 0.51 ms, found 4 plugins.
Preloading 0 native plugins for Editor in 0.00 ms.
Unloading 2276 Unused Serialized files (Serialized files now loaded: 0)
System memory in use before: 106.3 MB.
System memory in use after: 106.5 MB.

Unloading 16 unused Assets to reduce memory usage. Loaded Objects now: 2776.
Total: 2.334700 ms (FindLiveObjects: 0.218700 ms CreateObjectMapping: 0.057700 ms MarkObjects: 2.043800 ms  DeleteObjects: 0.013500 ms)

========================================================================
Received Prepare
Registering precompiled user dll's ...
Registered in 0.002497 seconds.
Begin MonoManager ReloadAssembly
Native extension for WindowsStandalone target not found
Native extension for WebGL target not found
Refreshing native plugins compatible for Editor in 0.53 ms, found 4 plugins.
Preloading 0 native plugins for Editor in 0.00 ms.
Mono: successfully reloaded assembly
- Completed reload, in  0.954 seconds
Platform modules already initialized, skipping
Refreshing native plugins compatible for Editor in 0.50 ms, found 4 plugins.
Preloading 0 native plugins for Editor in 0.00 ms.
Unloading 2276 Unused Serialized files (Serialized files now loaded: 0)
System memory in use before: 106.3 MB.
System memory in use after: 106.5 MB.

Unloading 16 unused Assets to reduce memory usage. Loaded Objects now: 2779.
Total: 2.348500 ms (FindLiveObjects: 0.239000 ms CreateObjectMapping: 0.054600 ms MarkObjects: 2.039700 ms  DeleteObjects: 0.014500 ms)

========================================================================
Received Prepare
Registering precompiled user dll's ...
Registered in 0.002420 seconds.
Begin MonoManager ReloadAssembly
Native extension for WindowsStandalone target not found
Native extension for WebGL target not found
Refreshing native plugins compatible for Editor in 0.50 ms, found 4 plugins.
Preloading 0 native plugins for Editor in 0.00 ms.
Mono: successfully reloaded assembly
- Completed reload, in  0.929 seconds
Platform modules already initialized, skipping
Refreshing native plugins compatible for Editor in 0.51 ms, found 4 plugins.
Preloading 0 native plugins for Editor in 0.00 ms.
Unloading 2276 Unused Serialized files (Serialized files now loaded: 0)
System memory in use before: 106.3 MB.
System memory in use after: 106.5 MB.

Unloading 16 unused Assets to reduce memory usage. Loaded Objects now: 2782.
Total: 2.438600 ms (FindLiveObjects: 0.237500 ms CreateObjectMapping: 0.060200 ms MarkObjects: 2.123100 ms  DeleteObjects: 0.016700 ms)

========================================================================
Received Import Request.
  Time since last request: 725.044790 seconds.
  path: Assets/Scenes/Level 8.unity
  artifactKey: Guid(9a79b373979d2d64dbd5634ff1d240a0) Importer(815301076,1909f56bfc062723c751e8b465ee728b)
Start importing Assets/Scenes/Level 8.unity using Guid(9a79b373979d2d64dbd5634ff1d240a0) Importer(815301076,1909f56bfc062723c751e8b465ee728b)  -> (artifact id: '79b7b479cc78129ea3ab4044c441e754') in 0.017602 seconds 
========================================================================
Received Import Request.
  Time since last request: 77.129789 seconds.
  path: Assets/Prefabs/Characters/Resident 2 Variant.prefab
  artifactKey: Guid(e2f33078d86f3f241ba83829b153afe9) Importer(815301076,1909f56bfc062723c751e8b465ee728b)
Start importing Assets/Prefabs/Characters/Resident 2 Variant.prefab using Guid(e2f33078d86f3f241ba83829b153afe9) Importer(815301076,1909f56bfc062723c751e8b465ee728b)  -> (artifact id: '660f12506455f136fe843cfef0800c65') in 0.060397 seconds 
========================================================================
Received Import Request.
  Time since last request: 15.712598 seconds.
  path: Assets/Prefabs/Characters/Resident 3 Variant.prefab
  artifactKey: Guid(3bfe6408265467d43a43c76c813b5b9d) Importer(815301076,1909f56bfc062723c751e8b465ee728b)
Start importing Assets/Prefabs/Characters/Resident 3 Variant.prefab using Guid(3bfe6408265467d43a43c76c813b5b9d) Importer(815301076,1909f56bfc062723c751e8b465ee728b)  -> (artifact id: '8800610913a91bcbde8b979a9aadec8e') in 0.022456 seconds 
========================================================================
Received Prepare
Registering precompiled user dll's ...
Registered in 0.002456 seconds.
Begin MonoManager ReloadAssembly
Native extension for WindowsStandalone target not found
Native extension for WebGL target not found
Refreshing native plugins compatible for Editor in 0.52 ms, found 4 plugins.
Preloading 0 native plugins for Editor in 0.00 ms.
Mono: successfully reloaded assembly
- Completed reload, in  0.959 seconds
Platform modules already initialized, skipping
Refreshing native plugins compatible for Editor in 0.51 ms, found 4 plugins.
Preloading 0 native plugins for Editor in 0.00 ms.
Unloading 2276 Unused Serialized files (Serialized files now loaded: 0)
System memory in use before: 106.3 MB.
System memory in use after: 106.6 MB.

Unloading 16 unused Assets to reduce memory usage. Loaded Objects now: 2786.
Total: 2.394700 ms (FindLiveObjects: 0.236600 ms CreateObjectMapping: 0.056400 ms MarkObjects: 2.084900 ms  DeleteObjects: 0.015400 ms)

========================================================================
Received Import Request.
  Time since last request: 4.157080 seconds.
  path: Assets/Prefabs/Characters/Resident 3 Variant.prefab
  artifactKey: Guid(3bfe6408265467d43a43c76c813b5b9d) Importer(815301076,1909f56bfc062723c751e8b465ee728b)
Start importing Assets/Prefabs/Characters/Resident 3 Variant.prefab using Guid(3bfe6408265467d43a43c76c813b5b9d) Importer(815301076,1909f56bfc062723c751e8b465ee728b)  -> (artifact id: 'b335049fe9f26167946748aab765fec5') in 0.061637 seconds 
========================================================================
Received Import Request.
  Time since last request: 3.680160 seconds.
  path: Assets/Prefabs/Characters/Resident 4 Variant.prefab
  artifactKey: Guid(e7fe374f8d0093341b101be344e29137) Importer(815301076,1909f56bfc062723c751e8b465ee728b)
Start importing Assets/Prefabs/Characters/Resident 4 Variant.prefab using Guid(e7fe374f8d0093341b101be344e29137) Importer(815301076,1909f56bfc062723c751e8b465ee728b)  -> (artifact id: 'f960817882b9254abebbacb1c927a564') in 0.021068 seconds 
========================================================================
Received Import Request.
  Time since last request: 6.613034 seconds.
  path: Assets/Prefabs/Characters/Resident 6 Variant.prefab
  artifactKey: Guid(70bcc967f468cf54c985e3143dc7e799) Importer(815301076,1909f56bfc062723c751e8b465ee728b)
Start importing Assets/Prefabs/Characters/Resident 6 Variant.prefab using Guid(70bcc967f468cf54c985e3143dc7e799) Importer(815301076,1909f56bfc062723c751e8b465ee728b)  -> (artifact id: '032040487d82d0e47a011859d0fb3d50') in 0.017076 seconds 
========================================================================
Received Import Request.
  Time since last request: 42.485426 seconds.
  path: Assets/Animations/People/Resident 5.controller
  artifactKey: Guid(847a074456d3cde46ab304fc8cea75a3) Importer(815301076,1909f56bfc062723c751e8b465ee728b)
Start importing Assets/Animations/People/Resident 5.controller using Guid(847a074456d3cde46ab304fc8cea75a3) Importer(815301076,1909f56bfc062723c751e8b465ee728b)  -> (artifact id: '3e540b84268d17990f6506bf2b6c73ee') in 0.007426 seconds 
========================================================================
Received Prepare
Registering precompiled user dll's ...
Registered in 0.002456 seconds.
Begin MonoManager ReloadAssembly
Native extension for WindowsStandalone target not found
Native extension for WebGL target not found
Refreshing native plugins compatible for Editor in 0.51 ms, found 4 plugins.
Preloading 0 native plugins for Editor in 0.00 ms.
Mono: successfully reloaded assembly
- Completed reload, in  0.946 seconds
Platform modules already initialized, skipping
Refreshing native plugins compatible for Editor in 0.51 ms, found 4 plugins.
Preloading 0 native plugins for Editor in 0.00 ms.
Unloading 2276 Unused Serialized files (Serialized files now loaded: 0)
System memory in use before: 106.3 MB.
System memory in use after: 106.5 MB.

Unloading 16 unused Assets to reduce memory usage. Loaded Objects now: 2790.
Total: 2.589900 ms (FindLiveObjects: 0.219600 ms CreateObjectMapping: 0.057600 ms MarkObjects: 2.292800 ms  DeleteObjects: 0.018500 ms)

========================================================================
Received Import Request.
  Time since last request: 92.744191 seconds.
  path: Assets/Scenes/Level 1.unity
  artifactKey: Guid(fed714e4764ea9244a9c7e495af12a86) Importer(815301076,1909f56bfc062723c751e8b465ee728b)
Start importing Assets/Scenes/Level 1.unity using Guid(fed714e4764ea9244a9c7e495af12a86) Importer(815301076,1909f56bfc062723c751e8b465ee728b)  -> (artifact id: '16bb0fcea57cf8715cfc7b9fa613307b') in 0.014750 seconds 
========================================================================
Received Import Request.
  Time since last request: 6.517368 seconds.
  path: Assets/Scenes/Level 2.unity
  artifactKey: Guid(4ebb0ecd1e9316946afb685f31e9d8e1) Importer(815301076,1909f56bfc062723c751e8b465ee728b)
Start importing Assets/Scenes/Level 2.unity using Guid(4ebb0ecd1e9316946afb685f31e9d8e1) Importer(815301076,1909f56bfc062723c751e8b465ee728b)  -> (artifact id: '0878272819713a2511ab1737e8e2d5b8') in 0.003969 seconds 
========================================================================
Received Import Request.
  Time since last request: 29.805471 seconds.
  path: Assets/Scenes/Level 3.unity
  artifactKey: Guid(910a6516ef2ab4940971a95609effd20) Importer(815301076,1909f56bfc062723c751e8b465ee728b)
Start importing Assets/Scenes/Level 3.unity using Guid(910a6516ef2ab4940971a95609effd20) Importer(815301076,1909f56bfc062723c751e8b465ee728b)  -> (artifact id: '2d47cc65778d9083dde3fcea9480a676') in 0.007883 seconds 
========================================================================
Received Import Request.
  Time since last request: 9.426447 seconds.
  path: Assets/Scenes/Level 4.unity
  artifactKey: Guid(0597dcf7c9bb551488673b20dbaed5a0) Importer(815301076,1909f56bfc062723c751e8b465ee728b)
Start importing Assets/Scenes/Level 4.unity using Guid(0597dcf7c9bb551488673b20dbaed5a0) Importer(815301076,1909f56bfc062723c751e8b465ee728b)  -> (artifact id: 'ef528989e2c832d01dec171e1eb48d21') in 0.006499 seconds 
========================================================================
Received Import Request.
  Time since last request: 52.732183 seconds.
  path: Assets/Prefabs/Characters/Resident 5 Variant.prefab
  artifactKey: Guid(3f1d43642033ad643a7d2e808a941742) Importer(815301076,1909f56bfc062723c751e8b465ee728b)
Start importing Assets/Prefabs/Characters/Resident 5 Variant.prefab using Guid(3f1d43642033ad643a7d2e808a941742) Importer(815301076,1909f56bfc062723c751e8b465ee728b)  -> (artifact id: '1ad47d95b083818d88975b27c7cc9f2a') in 0.059609 seconds 
========================================================================
Received Prepare
Registering precompiled user dll's ...
Registered in 0.002431 seconds.
Begin MonoManager ReloadAssembly
Native extension for WindowsStandalone target not found
Native extension for WebGL target not found
Refreshing native plugins compatible for Editor in 0.50 ms, found 4 plugins.
Preloading 0 native plugins for Editor in 0.00 ms.
Mono: successfully reloaded assembly
- Completed reload, in  0.938 seconds
Platform modules already initialized, skipping
Refreshing native plugins compatible for Editor in 0.52 ms, found 4 plugins.
Preloading 0 native plugins for Editor in 0.00 ms.
Unloading 2276 Unused Serialized files (Serialized files now loaded: 0)
System memory in use before: 106.3 MB.
System memory in use after: 106.6 MB.

Unloading 16 unused Assets to reduce memory usage. Loaded Objects now: 2794.
Total: 2.364800 ms (FindLiveObjects: 0.223500 ms CreateObjectMapping: 0.056000 ms MarkObjects: 2.070000 ms  DeleteObjects: 0.014600 ms)

AssetImportWorkerClient::OnTransportError - code=2 error=End of file
