Using pre-set license
Built from '2021.1/release' branch; Version is '2021.1.4f1 (4cd64a618c1b) revision 5035594'; Using compiler version '192528614'; Build Type 'Release'
OS: 'Windows 10 Home; OS build 19043.1706; Version 2009; 64bit' Language: 'en' Physical Memory: 16330 MB
BatchMode: 1, IsHumanControllingUs: 0, StartBugReporterOnCrash: 0, Is64bit: 1, IsPro: 0

 COMMAND LINE ARGUMENTS:
C:\Program Files\Unity\Hub\Editor\2021.1.4f1\Editor\Unity.exe
-adb2
-batchMode
-noUpm
-name
AssetImportWorker0
-projectPath
C:/Users/maxfr/Documents/GitHub/Ghosty
-logFile
Logs/AssetImportWorker0.log
-srvPort
62209
Successfully changed project path to: C:/Users/maxfr/Documents/GitHub/Ghosty
C:/Users/maxfr/Documents/GitHub/Ghosty
Using Asset Import Pipeline V2.
Refreshing native plugins compatible for Editor in 51.99 ms, found 4 plugins.
Preloading 0 native plugins for Editor in 0.00 ms.
Initialize engine version: 2021.1.4f1 (4cd64a618c1b)
[Subsystems] Discovering subsystems at path C:/Program Files/Unity/Hub/Editor/2021.1.4f1/Editor/Data/Resources/UnitySubsystems
[Subsystems] Discovering subsystems at path C:/Users/maxfr/Documents/GitHub/Ghosty/Assets
GfxDevice: creating device client; threaded=0; jobified=0
Direct3D:
    Version:  Direct3D 11.0 [level 11.1]
    Renderer: Radeon RX 580 Series (ID=0x67df)
    Vendor:   ATI
    VRAM:     8171 MB
    Driver:   30.0.13023.4001
Initialize mono
Mono path[0] = 'C:/Program Files/Unity/Hub/Editor/2021.1.4f1/Editor/Data/Managed'
Mono path[1] = 'C:/Program Files/Unity/Hub/Editor/2021.1.4f1/Editor/Data/MonoBleedingEdge/lib/mono/unityjit'
Mono config path = 'C:/Program Files/Unity/Hub/Editor/2021.1.4f1/Editor/Data/MonoBleedingEdge/etc'
Using monoOptions --debugger-agent=transport=dt_socket,embedding=1,server=y,suspend=n,address=127.0.0.1:56960
Begin MonoManager ReloadAssembly
Registering precompiled unity dll's ...
Register platform support module: C:/Program Files/Unity/Hub/Editor/2021.1.4f1/Editor/Data/PlaybackEngines/WebGLSupport/UnityEditor.WebGL.Extensions.dll
Register platform support module: C:/Program Files/Unity/Hub/Editor/2021.1.4f1/Editor/Data/PlaybackEngines/WindowsStandaloneSupport/UnityEditor.WindowsStandalone.Extensions.dll
Registered in 0.003532 seconds.
Native extension for WindowsStandalone target not found
Native extension for WebGL target not found
Refreshing native plugins compatible for Editor in 47.56 ms, found 4 plugins.
Preloading 0 native plugins for Editor in 0.00 ms.
Mono: successfully reloaded assembly
- Completed reload, in  1.481 seconds
Platform modules already initialized, skipping
Registering precompiled user dll's ...
Registered in 0.002341 seconds.
Begin MonoManager ReloadAssembly
Native extension for WindowsStandalone target not found
Native extension for WebGL target not found
Refreshing native plugins compatible for Editor in 49.97 ms, found 4 plugins.
Preloading 0 native plugins for Editor in 0.00 ms.
Mono: successfully reloaded assembly
- Completed reload, in  1.059 seconds
Platform modules already initialized, skipping
========================================================================
Worker process is ready to serve import requests
Launched and connected shader compiler UnityShaderCompiler.exe after 0.04 seconds
Refreshing native plugins compatible for Editor in 0.56 ms, found 4 plugins.
Preloading 0 native plugins for Editor in 0.00 ms.
Unloading 2292 Unused Serialized files (Serialized files now loaded: 0)
System memory in use before: 103.4 MB.
System memory in use after: 103.6 MB.

Unloading 28 unused Assets to reduce memory usage. Loaded Objects now: 2750.
Total: 2.447700 ms (FindLiveObjects: 0.225700 ms CreateObjectMapping: 0.058800 ms MarkObjects: 2.104700 ms  DeleteObjects: 0.057600 ms)

========================================================================
Received Import Request.
  path: Assets/Scenes/Level 3.unity
  artifactKey: Guid(910a6516ef2ab4940971a95609effd20) Importer(815301076,1909f56bfc062723c751e8b465ee728b)
Start importing Assets/Scenes/Level 3.unity using Guid(910a6516ef2ab4940971a95609effd20) Importer(815301076,1909f56bfc062723c751e8b465ee728b)  -> (artifact id: '7cd059f0d2fbe852417ca3e93ecafc13') in 0.014448 seconds 
========================================================================
Received Import Request.
  Time since last request: 69.960419 seconds.
  path: Assets/Scenes/Level 5.unity
  artifactKey: Guid(4b690a9b7a243cd45a36c1b0495323d1) Importer(815301076,1909f56bfc062723c751e8b465ee728b)
Start importing Assets/Scenes/Level 5.unity using Guid(4b690a9b7a243cd45a36c1b0495323d1) Importer(815301076,1909f56bfc062723c751e8b465ee728b)  -> (artifact id: 'adeac376f5353d725169502ab48fa702') in 0.008752 seconds 
========================================================================
Received Import Request.
  Time since last request: 101.034295 seconds.
  path: Assets/Scenes/Level 5.unity
  artifactKey: Guid(4b690a9b7a243cd45a36c1b0495323d1) Importer(815301076,1909f56bfc062723c751e8b465ee728b)
Start importing Assets/Scenes/Level 5.unity using Guid(4b690a9b7a243cd45a36c1b0495323d1) Importer(815301076,1909f56bfc062723c751e8b465ee728b)  -> (artifact id: '766b115cb1890bcf13a89edc31ddab25') in 0.003166 seconds 
========================================================================
Received Import Request.
  Time since last request: 45.442958 seconds.
  path: Assets/Scenes/Level 5.unity
  artifactKey: Guid(4b690a9b7a243cd45a36c1b0495323d1) Importer(815301076,1909f56bfc062723c751e8b465ee728b)
Start importing Assets/Scenes/Level 5.unity using Guid(4b690a9b7a243cd45a36c1b0495323d1) Importer(815301076,1909f56bfc062723c751e8b465ee728b)  -> (artifact id: 'f852494068d5b59dfe30c4e4442369fc') in 0.004715 seconds 
========================================================================
Received Import Request.
  Time since last request: 216.743398 seconds.
  path: Assets/Scenes/Level 5.unity
  artifactKey: Guid(4b690a9b7a243cd45a36c1b0495323d1) Importer(815301076,1909f56bfc062723c751e8b465ee728b)
Start importing Assets/Scenes/Level 5.unity using Guid(4b690a9b7a243cd45a36c1b0495323d1) Importer(815301076,1909f56bfc062723c751e8b465ee728b)  -> (artifact id: 'fc2d8300d52495ee12e10fd65ce7a2e6') in 0.004894 seconds 
========================================================================
Received Import Request.
  Time since last request: 11.522365 seconds.
  path: Assets/Scenes/Level 6.unity
  artifactKey: Guid(4b1d9ea6459b64048979b4b97b469435) Importer(815301076,1909f56bfc062723c751e8b465ee728b)
Start importing Assets/Scenes/Level 6.unity using Guid(4b1d9ea6459b64048979b4b97b469435) Importer(815301076,1909f56bfc062723c751e8b465ee728b)  -> (artifact id: '928271611397f2dd95766ea56bd0722b') in 0.009506 seconds 
========================================================================
Received Prepare
Registering precompiled user dll's ...
Registered in 0.003552 seconds.
Begin MonoManager ReloadAssembly
Native extension for WindowsStandalone target not found
Native extension for WebGL target not found
Refreshing native plugins compatible for Editor in 0.56 ms, found 4 plugins.
Preloading 0 native plugins for Editor in 0.00 ms.
Mono: successfully reloaded assembly
- Completed reload, in  0.970 seconds
Platform modules already initialized, skipping
Refreshing native plugins compatible for Editor in 0.53 ms, found 4 plugins.
Preloading 0 native plugins for Editor in 0.00 ms.
Unloading 2276 Unused Serialized files (Serialized files now loaded: 0)
System memory in use before: 102.6 MB.
System memory in use after: 102.8 MB.

Unloading 16 unused Assets to reduce memory usage. Loaded Objects now: 2753.
Total: 2.453400 ms (FindLiveObjects: 0.239900 ms CreateObjectMapping: 0.063900 ms MarkObjects: 2.133500 ms  DeleteObjects: 0.014700 ms)

========================================================================
Received Import Request.
  Time since last request: 86.304885 seconds.
  path: Assets/Scenes/Level 6.unity
  artifactKey: Guid(4b1d9ea6459b64048979b4b97b469435) Importer(815301076,1909f56bfc062723c751e8b465ee728b)
Start importing Assets/Scenes/Level 6.unity using Guid(4b1d9ea6459b64048979b4b97b469435) Importer(815301076,1909f56bfc062723c751e8b465ee728b)  -> (artifact id: '8219883b1571378ff33b3630c1503df7') in 0.012973 seconds 
========================================================================
Received Import Request.
  Time since last request: 115.488596 seconds.
  path: Assets/Scenes/Level 6.unity
  artifactKey: Guid(4b1d9ea6459b64048979b4b97b469435) Importer(815301076,1909f56bfc062723c751e8b465ee728b)
Start importing Assets/Scenes/Level 6.unity using Guid(4b1d9ea6459b64048979b4b97b469435) Importer(815301076,1909f56bfc062723c751e8b465ee728b)  -> (artifact id: 'ff636de9ebb56f8fcd2e45381f134c21') in 0.003351 seconds 
========================================================================
Received Import Request.
  Time since last request: 31.741468 seconds.
  path: Assets/Tiles/wallpaper 5.asset
  artifactKey: Guid(9d23839dfa47c6f419ad63acfa8948c1) Importer(815301076,1909f56bfc062723c751e8b465ee728b)
Start importing Assets/Tiles/wallpaper 5.asset using Guid(9d23839dfa47c6f419ad63acfa8948c1) Importer(815301076,1909f56bfc062723c751e8b465ee728b)  -> (artifact id: 'b656f8ef36008680b44dcf28302b4a70') in 0.079106 seconds 
========================================================================
Received Import Request.
  Time since last request: 123.158442 seconds.
  path: Assets/Scenes/Level 7.unity
  artifactKey: Guid(b1b115bbd9e38ed4d9317a25a1d7a6d3) Importer(815301076,1909f56bfc062723c751e8b465ee728b)
Start importing Assets/Scenes/Level 7.unity using Guid(b1b115bbd9e38ed4d9317a25a1d7a6d3) Importer(815301076,1909f56bfc062723c751e8b465ee728b)  -> (artifact id: '46879bc28a63f3ab6dec42fb46d350ff') in 0.004711 seconds 
========================================================================
Received Import Request.
  Time since last request: 60.762679 seconds.
  path: Assets/Prefabs/Objects/Lamp Variant.prefab
  artifactKey: Guid(c72d788ed2a5ea548a374e9dec3cacd3) Importer(815301076,1909f56bfc062723c751e8b465ee728b)
Start importing Assets/Prefabs/Objects/Lamp Variant.prefab using Guid(c72d788ed2a5ea548a374e9dec3cacd3) Importer(815301076,1909f56bfc062723c751e8b465ee728b)  -> (artifact id: 'a958c98656f01e2770cf048c0e079037') in 0.060587 seconds 
========================================================================
Received Import Request.
  Time since last request: 88.923980 seconds.
  path: Assets/Scenes/Level 8.unity
  artifactKey: Guid(9a79b373979d2d64dbd5634ff1d240a0) Importer(815301076,1909f56bfc062723c751e8b465ee728b)
Start importing Assets/Scenes/Level 8.unity using Guid(9a79b373979d2d64dbd5634ff1d240a0) Importer(815301076,1909f56bfc062723c751e8b465ee728b)  -> (artifact id: '50319edfc5ee1035e7bb920f08d3062a') in 0.005613 seconds 
========================================================================
Received Import Request.
  Time since last request: 8.945092 seconds.
  path: Assets/Scenes/Level 7.unity
  artifactKey: Guid(b1b115bbd9e38ed4d9317a25a1d7a6d3) Importer(815301076,1909f56bfc062723c751e8b465ee728b)
Start importing Assets/Scenes/Level 7.unity using Guid(b1b115bbd9e38ed4d9317a25a1d7a6d3) Importer(815301076,1909f56bfc062723c751e8b465ee728b)  -> (artifact id: '911db0cba326d844caa144ad3d44c752') in 0.004498 seconds 
========================================================================
Received Prepare
Registering precompiled user dll's ...
Registered in 0.002675 seconds.
Begin MonoManager ReloadAssembly
Native extension for WindowsStandalone target not found
Native extension for WebGL target not found
Refreshing native plugins compatible for Editor in 0.54 ms, found 4 plugins.
Preloading 0 native plugins for Editor in 0.00 ms.
Mono: successfully reloaded assembly
- Completed reload, in  0.964 seconds
Platform modules already initialized, skipping
Refreshing native plugins compatible for Editor in 0.55 ms, found 4 plugins.
Preloading 0 native plugins for Editor in 0.00 ms.
Unloading 2276 Unused Serialized files (Serialized files now loaded: 0)
System memory in use before: 106.3 MB.
System memory in use after: 106.5 MB.

Unloading 16 unused Assets to reduce memory usage. Loaded Objects now: 2766.
Total: 2.400200 ms (FindLiveObjects: 0.217800 ms CreateObjectMapping: 0.061900 ms MarkObjects: 2.105300 ms  DeleteObjects: 0.014300 ms)

========================================================================
Received Prepare
Registering precompiled user dll's ...
Registered in 0.002465 seconds.
Begin MonoManager ReloadAssembly
Native extension for WindowsStandalone target not found
Native extension for WebGL target not found
Refreshing native plugins compatible for Editor in 0.52 ms, found 4 plugins.
Preloading 0 native plugins for Editor in 0.00 ms.
Mono: successfully reloaded assembly
- Completed reload, in  0.952 seconds
Platform modules already initialized, skipping
Refreshing native plugins compatible for Editor in 0.70 ms, found 4 plugins.
Preloading 0 native plugins for Editor in 0.00 ms.
Unloading 2276 Unused Serialized files (Serialized files now loaded: 0)
System memory in use before: 106.3 MB.
System memory in use after: 106.6 MB.

Unloading 16 unused Assets to reduce memory usage. Loaded Objects now: 2769.
Total: 2.402100 ms (FindLiveObjects: 0.214600 ms CreateObjectMapping: 0.058100 ms MarkObjects: 2.114000 ms  DeleteObjects: 0.014400 ms)

========================================================================
Received Import Request.
  Time since last request: 231.761850 seconds.
  path: Assets/Scenes/Level 8.unity
  artifactKey: Guid(9a79b373979d2d64dbd5634ff1d240a0) Importer(815301076,1909f56bfc062723c751e8b465ee728b)
Start importing Assets/Scenes/Level 8.unity using Guid(9a79b373979d2d64dbd5634ff1d240a0) Importer(815301076,1909f56bfc062723c751e8b465ee728b)  -> (artifact id: 'bd72db9b99c8df4a0084dc2e57413dbe') in 0.013146 seconds 
========================================================================
Received Import Request.
  Time since last request: 75.819059 seconds.
  path: Assets/Scenes/Level 8.unity
  artifactKey: Guid(9a79b373979d2d64dbd5634ff1d240a0) Importer(815301076,1909f56bfc062723c751e8b465ee728b)
Start importing Assets/Scenes/Level 8.unity using Guid(9a79b373979d2d64dbd5634ff1d240a0) Importer(815301076,1909f56bfc062723c751e8b465ee728b)  -> (artifact id: 'f6fbc6668ce872662deb3ed96f5291bd') in 0.003388 seconds 
========================================================================
Received Prepare
Registering precompiled user dll's ...
Registered in 0.002390 seconds.
Begin MonoManager ReloadAssembly
Native extension for WindowsStandalone target not found
Native extension for WebGL target not found
Refreshing native plugins compatible for Editor in 0.51 ms, found 4 plugins.
Preloading 0 native plugins for Editor in 0.00 ms.
Mono: successfully reloaded assembly
- Completed reload, in  0.952 seconds
Platform modules already initialized, skipping
Refreshing native plugins compatible for Editor in 0.50 ms, found 4 plugins.
Preloading 0 native plugins for Editor in 0.00 ms.
Unloading 2276 Unused Serialized files (Serialized files now loaded: 0)
System memory in use before: 106.4 MB.
System memory in use after: 106.6 MB.

Unloading 16 unused Assets to reduce memory usage. Loaded Objects now: 2772.
Total: 2.331600 ms (FindLiveObjects: 0.213300 ms CreateObjectMapping: 0.059000 ms MarkObjects: 2.042600 ms  DeleteObjects: 0.015600 ms)

========================================================================
Received Import Request.
  Time since last request: 536.089283 seconds.
  path: Assets/Scenes/Level 6.unity
  artifactKey: Guid(4b1d9ea6459b64048979b4b97b469435) Importer(815301076,1909f56bfc062723c751e8b465ee728b)
Start importing Assets/Scenes/Level 6.unity using Guid(4b1d9ea6459b64048979b4b97b469435) Importer(815301076,1909f56bfc062723c751e8b465ee728b)  -> (artifact id: '34f3b280a03c745fd903364f74618ae5') in 0.013306 seconds 
========================================================================
Received Import Request.
  Time since last request: 32.805190 seconds.
  path: Assets/Scenes/Level 8.unity
  artifactKey: Guid(9a79b373979d2d64dbd5634ff1d240a0) Importer(815301076,1909f56bfc062723c751e8b465ee728b)
Start importing Assets/Scenes/Level 8.unity using Guid(9a79b373979d2d64dbd5634ff1d240a0) Importer(815301076,1909f56bfc062723c751e8b465ee728b)  -> (artifact id: '9d0b5b5b386281a0534e156c197e1304') in 0.004748 seconds 
========================================================================
Received Import Request.
  Time since last request: 18.632602 seconds.
  path: Assets/Scenes/Level 3.unity
  artifactKey: Guid(910a6516ef2ab4940971a95609effd20) Importer(815301076,1909f56bfc062723c751e8b465ee728b)
Start importing Assets/Scenes/Level 3.unity using Guid(910a6516ef2ab4940971a95609effd20) Importer(815301076,1909f56bfc062723c751e8b465ee728b)  -> (artifact id: '3e3dfc3a6ff42de27d857d8831ad6344') in 0.004555 seconds 
========================================================================
Received Import Request.
  Time since last request: 10.116630 seconds.
  path: Assets/Scenes/Level 5.unity
  artifactKey: Guid(4b690a9b7a243cd45a36c1b0495323d1) Importer(815301076,1909f56bfc062723c751e8b465ee728b)
Start importing Assets/Scenes/Level 5.unity using Guid(4b690a9b7a243cd45a36c1b0495323d1) Importer(815301076,1909f56bfc062723c751e8b465ee728b)  -> (artifact id: 'c638704d17450c42462c7ffa193b2a8e') in 0.004503 seconds 
========================================================================
Received Prepare
Registering precompiled user dll's ...
Registered in 0.002423 seconds.
Begin MonoManager ReloadAssembly
Native extension for WindowsStandalone target not found
Native extension for WebGL target not found
Refreshing native plugins compatible for Editor in 0.51 ms, found 4 plugins.
Preloading 0 native plugins for Editor in 0.00 ms.
Mono: successfully reloaded assembly
- Completed reload, in  0.943 seconds
Platform modules already initialized, skipping
Refreshing native plugins compatible for Editor in 0.57 ms, found 4 plugins.
Preloading 0 native plugins for Editor in 0.00 ms.
Unloading 2276 Unused Serialized files (Serialized files now loaded: 0)
System memory in use before: 106.3 MB.
System memory in use after: 106.5 MB.

Unloading 16 unused Assets to reduce memory usage. Loaded Objects now: 2775.
Total: 2.492200 ms (FindLiveObjects: 0.240700 ms CreateObjectMapping: 0.061900 ms MarkObjects: 2.173300 ms  DeleteObjects: 0.015100 ms)

========================================================================
Received Prepare
Registering precompiled user dll's ...
Registered in 0.002456 seconds.
Begin MonoManager ReloadAssembly
Native extension for WindowsStandalone target not found
Native extension for WebGL target not found
Refreshing native plugins compatible for Editor in 0.51 ms, found 4 plugins.
Preloading 0 native plugins for Editor in 0.00 ms.
Mono: successfully reloaded assembly
- Completed reload, in  0.957 seconds
Platform modules already initialized, skipping
Refreshing native plugins compatible for Editor in 0.50 ms, found 4 plugins.
Preloading 0 native plugins for Editor in 0.00 ms.
Unloading 2276 Unused Serialized files (Serialized files now loaded: 0)
System memory in use before: 106.4 MB.
System memory in use after: 106.6 MB.

Unloading 16 unused Assets to reduce memory usage. Loaded Objects now: 2778.
Total: 2.417700 ms (FindLiveObjects: 0.228200 ms CreateObjectMapping: 0.058700 ms MarkObjects: 2.113200 ms  DeleteObjects: 0.016400 ms)

========================================================================
Received Prepare
Registering precompiled user dll's ...
Registered in 0.002435 seconds.
Begin MonoManager ReloadAssembly
Native extension for WindowsStandalone target not found
Native extension for WebGL target not found
Refreshing native plugins compatible for Editor in 0.51 ms, found 4 plugins.
Preloading 0 native plugins for Editor in 0.00 ms.
Mono: successfully reloaded assembly
- Completed reload, in  0.949 seconds
Platform modules already initialized, skipping
Refreshing native plugins compatible for Editor in 0.56 ms, found 4 plugins.
Preloading 0 native plugins for Editor in 0.00 ms.
Unloading 2276 Unused Serialized files (Serialized files now loaded: 0)
System memory in use before: 106.4 MB.
System memory in use after: 106.6 MB.

Unloading 16 unused Assets to reduce memory usage. Loaded Objects now: 2781.
Total: 2.423500 ms (FindLiveObjects: 0.219900 ms CreateObjectMapping: 0.058800 ms MarkObjects: 2.128900 ms  DeleteObjects: 0.014900 ms)

========================================================================
Received Prepare
Registering precompiled user dll's ...
Registered in 0.002515 seconds.
Begin MonoManager ReloadAssembly
Native extension for WindowsStandalone target not found
Native extension for WebGL target not found
Refreshing native plugins compatible for Editor in 0.52 ms, found 4 plugins.
Preloading 0 native plugins for Editor in 0.00 ms.
Mono: successfully reloaded assembly
- Completed reload, in  0.927 seconds
Platform modules already initialized, skipping
Refreshing native plugins compatible for Editor in 0.66 ms, found 4 plugins.
Preloading 0 native plugins for Editor in 0.00 ms.
Unloading 2276 Unused Serialized files (Serialized files now loaded: 0)
System memory in use before: 106.4 MB.
System memory in use after: 106.6 MB.

Unloading 16 unused Assets to reduce memory usage. Loaded Objects now: 2784.
Total: 2.660500 ms (FindLiveObjects: 0.264100 ms CreateObjectMapping: 0.076700 ms MarkObjects: 2.303000 ms  DeleteObjects: 0.015800 ms)

========================================================================
Received Import Request.
  Time since last request: 505.293733 seconds.
  path: Assets/Prefabs/Characters/Dog.prefab
  artifactKey: Guid(3a13f3e800ff37543adba721296cff8e) Importer(815301076,1909f56bfc062723c751e8b465ee728b)
Start importing Assets/Prefabs/Characters/Dog.prefab using Guid(3a13f3e800ff37543adba721296cff8e) Importer(815301076,1909f56bfc062723c751e8b465ee728b) The same field name is serialized multiple times in the class or its parent class. This is not supported: Base(MonoBehaviour) audioSource

 -> (artifact id: 'f44b96aa8cfb7c43dd7283f866bc8e13') in 0.068256 seconds 
========================================================================
Received Prepare
Registering precompiled user dll's ...
Registered in 0.002405 seconds.
Begin MonoManager ReloadAssembly
Native extension for WindowsStandalone target not found
Native extension for WebGL target not found
Refreshing native plugins compatible for Editor in 0.53 ms, found 4 plugins.
Preloading 0 native plugins for Editor in 0.00 ms.
Mono: successfully reloaded assembly
- Completed reload, in  0.948 seconds
Platform modules already initialized, skipping
Refreshing native plugins compatible for Editor in 0.51 ms, found 4 plugins.
Preloading 0 native plugins for Editor in 0.00 ms.
Unloading 2276 Unused Serialized files (Serialized files now loaded: 0)
System memory in use before: 106.6 MB.
System memory in use after: 106.8 MB.

Unloading 16 unused Assets to reduce memory usage. Loaded Objects now: 2788.
Total: 2.568400 ms (FindLiveObjects: 0.232600 ms CreateObjectMapping: 0.056500 ms MarkObjects: 2.261100 ms  DeleteObjects: 0.017000 ms)

========================================================================
Received Prepare
Registering precompiled user dll's ...
Registered in 0.002501 seconds.
Begin MonoManager ReloadAssembly
Native extension for WindowsStandalone target not found
Native extension for WebGL target not found
Refreshing native plugins compatible for Editor in 0.54 ms, found 4 plugins.
Preloading 0 native plugins for Editor in 0.00 ms.
Mono: successfully reloaded assembly
- Completed reload, in  0.950 seconds
Platform modules already initialized, skipping
Refreshing native plugins compatible for Editor in 0.50 ms, found 4 plugins.
Preloading 0 native plugins for Editor in 0.00 ms.
Unloading 2276 Unused Serialized files (Serialized files now loaded: 0)
System memory in use before: 106.5 MB.
System memory in use after: 106.7 MB.

Unloading 16 unused Assets to reduce memory usage. Loaded Objects now: 2791.
Total: 2.395700 ms (FindLiveObjects: 0.232900 ms CreateObjectMapping: 0.058700 ms MarkObjects: 2.088400 ms  DeleteObjects: 0.014700 ms)

========================================================================
Received Prepare
Registering precompiled user dll's ...
Registered in 0.002563 seconds.
Begin MonoManager ReloadAssembly
Native extension for WindowsStandalone target not found
Native extension for WebGL target not found
Refreshing native plugins compatible for Editor in 0.53 ms, found 4 plugins.
Preloading 0 native plugins for Editor in 0.00 ms.
Mono: successfully reloaded assembly
- Completed reload, in  0.944 seconds
Platform modules already initialized, skipping
Refreshing native plugins compatible for Editor in 0.51 ms, found 4 plugins.
Preloading 0 native plugins for Editor in 0.00 ms.
Unloading 2276 Unused Serialized files (Serialized files now loaded: 0)
System memory in use before: 106.5 MB.
System memory in use after: 106.7 MB.

Unloading 16 unused Assets to reduce memory usage. Loaded Objects now: 2794.
Total: 2.385300 ms (FindLiveObjects: 0.242800 ms CreateObjectMapping: 0.058800 ms MarkObjects: 2.068600 ms  DeleteObjects: 0.014000 ms)

========================================================================
Received Import Request.
  Time since last request: 245.399599 seconds.
  path: Assets/Scenes/Level 7.unity
  artifactKey: Guid(b1b115bbd9e38ed4d9317a25a1d7a6d3) Importer(815301076,1909f56bfc062723c751e8b465ee728b)
Start importing Assets/Scenes/Level 7.unity using Guid(b1b115bbd9e38ed4d9317a25a1d7a6d3) Importer(815301076,1909f56bfc062723c751e8b465ee728b)  -> (artifact id: '937d1f17379549574c785d4fc81dcdc9') in 0.013104 seconds 
========================================================================
Received Import Request.
  Time since last request: 411.197106 seconds.
  path: Assets/Prefabs/Door.prefab
  artifactKey: Guid(9e26a7cc97e09a04ea018265523f3df9) Importer(815301076,1909f56bfc062723c751e8b465ee728b)
Start importing Assets/Prefabs/Door.prefab using Guid(9e26a7cc97e09a04ea018265523f3df9) Importer(815301076,1909f56bfc062723c751e8b465ee728b)  -> (artifact id: '9edd4e23e87934b5e4a4f8f6a366aedd') in 0.056381 seconds 
========================================================================
Received Prepare
Registering precompiled user dll's ...
Registered in 0.002444 seconds.
Begin MonoManager ReloadAssembly
Native extension for WindowsStandalone target not found
Native extension for WebGL target not found
Refreshing native plugins compatible for Editor in 0.51 ms, found 4 plugins.
Preloading 0 native plugins for Editor in 0.00 ms.
Mono: successfully reloaded assembly
- Completed reload, in  0.940 seconds
Platform modules already initialized, skipping
Refreshing native plugins compatible for Editor in 0.50 ms, found 4 plugins.
Preloading 0 native plugins for Editor in 0.00 ms.
Unloading 2276 Unused Serialized files (Serialized files now loaded: 0)
System memory in use before: 106.5 MB.
System memory in use after: 106.7 MB.

Unloading 16 unused Assets to reduce memory usage. Loaded Objects now: 2798.
Total: 2.381200 ms (FindLiveObjects: 0.219700 ms CreateObjectMapping: 0.064500 ms MarkObjects: 2.078800 ms  DeleteObjects: 0.016900 ms)

========================================================================
Received Import Request.
  Time since last request: 147.720275 seconds.
  path: Assets/Scenes/Level 9.unity
  artifactKey: Guid(8c6583644ee81ad4aac7ae68ae3a5bed) Importer(815301076,1909f56bfc062723c751e8b465ee728b)
Start importing Assets/Scenes/Level 9.unity using Guid(8c6583644ee81ad4aac7ae68ae3a5bed) Importer(815301076,1909f56bfc062723c751e8b465ee728b)  -> (artifact id: '8da9b4a33610969d83c9fddecd189274') in 0.018533 seconds 
========================================================================
Received Import Request.
  Time since last request: 155.038659 seconds.
  path: Assets/Prefabs/Middle Floor Variant.prefab
  artifactKey: Guid(fd56279e9e6a4c74fb69c49c6694d24d) Importer(815301076,1909f56bfc062723c751e8b465ee728b)
Start importing Assets/Prefabs/Middle Floor Variant.prefab using Guid(fd56279e9e6a4c74fb69c49c6694d24d) Importer(815301076,1909f56bfc062723c751e8b465ee728b)  -> (artifact id: 'ea8625c8a5f6828bbc3274eb7a0e7e22') in 0.065600 seconds 
========================================================================
Received Prepare
Registering precompiled user dll's ...
Registered in 0.002538 seconds.
Begin MonoManager ReloadAssembly
Native extension for WindowsStandalone target not found
Native extension for WebGL target not found
Refreshing native plugins compatible for Editor in 0.56 ms, found 4 plugins.
Preloading 0 native plugins for Editor in 0.00 ms.
Mono: successfully reloaded assembly
- Completed reload, in  0.954 seconds
Platform modules already initialized, skipping
Refreshing native plugins compatible for Editor in 0.50 ms, found 4 plugins.
Preloading 0 native plugins for Editor in 0.00 ms.
Unloading 2276 Unused Serialized files (Serialized files now loaded: 0)
System memory in use before: 106.6 MB.
System memory in use after: 106.8 MB.

Unloading 16 unused Assets to reduce memory usage. Loaded Objects now: 2802.
Total: 2.414800 ms (FindLiveObjects: 0.222000 ms CreateObjectMapping: 0.059400 ms MarkObjects: 2.117300 ms  DeleteObjects: 0.015000 ms)

========================================================================
Received Prepare
Registering precompiled user dll's ...
Registered in 0.002371 seconds.
Begin MonoManager ReloadAssembly
Native extension for WindowsStandalone target not found
Native extension for WebGL target not found
Refreshing native plugins compatible for Editor in 0.54 ms, found 4 plugins.
Preloading 0 native plugins for Editor in 0.00 ms.
Mono: successfully reloaded assembly
- Completed reload, in  0.930 seconds
Platform modules already initialized, skipping
Refreshing native plugins compatible for Editor in 0.51 ms, found 4 plugins.
Preloading 0 native plugins for Editor in 0.00 ms.
Unloading 2276 Unused Serialized files (Serialized files now loaded: 0)
System memory in use before: 106.7 MB.
System memory in use after: 106.9 MB.

Unloading 16 unused Assets to reduce memory usage. Loaded Objects now: 2805.
Total: 2.491800 ms (FindLiveObjects: 0.221800 ms CreateObjectMapping: 0.059100 ms MarkObjects: 2.180700 ms  DeleteObjects: 0.029000 ms)

========================================================================
Received Import Request.
  Time since last request: 1036.535476 seconds.
  path: Assets/Scenes/Level 8.unity
  artifactKey: Guid(9a79b373979d2d64dbd5634ff1d240a0) Importer(815301076,1909f56bfc062723c751e8b465ee728b)
Start importing Assets/Scenes/Level 8.unity using Guid(9a79b373979d2d64dbd5634ff1d240a0) Importer(815301076,1909f56bfc062723c751e8b465ee728b)  -> (artifact id: '11a3cb1de928dabca6c4ab334c555cbb') in 0.018357 seconds 
========================================================================
Received Prepare
Registering precompiled user dll's ...
Registered in 0.002491 seconds.
Begin MonoManager ReloadAssembly
Native extension for WindowsStandalone target not found
Native extension for WebGL target not found
Refreshing native plugins compatible for Editor in 0.51 ms, found 4 plugins.
Preloading 0 native plugins for Editor in 0.00 ms.
Mono: successfully reloaded assembly
- Completed reload, in  0.947 seconds
Platform modules already initialized, skipping
Refreshing native plugins compatible for Editor in 0.57 ms, found 4 plugins.
Preloading 0 native plugins for Editor in 0.00 ms.
Unloading 2276 Unused Serialized files (Serialized files now loaded: 0)
System memory in use before: 106.7 MB.
System memory in use after: 106.9 MB.

Unloading 16 unused Assets to reduce memory usage. Loaded Objects now: 2808.
Total: 2.392500 ms (FindLiveObjects: 0.220800 ms CreateObjectMapping: 0.059600 ms MarkObjects: 2.097500 ms  DeleteObjects: 0.013600 ms)

========================================================================
Received Import Request.
  Time since last request: 7.370464 seconds.
  path: Assets/Scenes/Level 6.unity
  artifactKey: Guid(4b1d9ea6459b64048979b4b97b469435) Importer(815301076,1909f56bfc062723c751e8b465ee728b)
Start importing Assets/Scenes/Level 6.unity using Guid(4b1d9ea6459b64048979b4b97b469435) Importer(815301076,1909f56bfc062723c751e8b465ee728b)  -> (artifact id: 'bf4930eb72259fa6998da8991f86aeb9') in 0.012973 seconds 
========================================================================
Received Import Request.
  Time since last request: 2.380372 seconds.
  path: Assets/Scenes/Level 9.unity
  artifactKey: Guid(8c6583644ee81ad4aac7ae68ae3a5bed) Importer(815301076,1909f56bfc062723c751e8b465ee728b)
Start importing Assets/Scenes/Level 9.unity using Guid(8c6583644ee81ad4aac7ae68ae3a5bed) Importer(815301076,1909f56bfc062723c751e8b465ee728b)  -> (artifact id: 'e67ed5446a37ce0a797e78b399e01075') in 0.007440 seconds 
========================================================================
Received Prepare
Registering precompiled user dll's ...
Registered in 0.002374 seconds.
Begin MonoManager ReloadAssembly
Native extension for WindowsStandalone target not found
Native extension for WebGL target not found
Refreshing native plugins compatible for Editor in 0.53 ms, found 4 plugins.
Preloading 0 native plugins for Editor in 0.00 ms.
Mono: successfully reloaded assembly
- Completed reload, in  0.954 seconds
Platform modules already initialized, skipping
Refreshing native plugins compatible for Editor in 0.51 ms, found 4 plugins.
Preloading 0 native plugins for Editor in 0.00 ms.
Unloading 2276 Unused Serialized files (Serialized files now loaded: 0)
System memory in use before: 106.7 MB.
System memory in use after: 106.9 MB.

Unloading 16 unused Assets to reduce memory usage. Loaded Objects now: 2811.
Total: 2.567400 ms (FindLiveObjects: 0.220000 ms CreateObjectMapping: 0.059300 ms MarkObjects: 2.271100 ms  DeleteObjects: 0.015600 ms)

========================================================================
Received Prepare
Registering precompiled user dll's ...
Registered in 0.002505 seconds.
Begin MonoManager ReloadAssembly
Native extension for WindowsStandalone target not found
Native extension for WebGL target not found
Refreshing native plugins compatible for Editor in 0.59 ms, found 4 plugins.
Preloading 0 native plugins for Editor in 0.00 ms.
Mono: successfully reloaded assembly
- Completed reload, in  0.958 seconds
Platform modules already initialized, skipping
Refreshing native plugins compatible for Editor in 0.51 ms, found 4 plugins.
Preloading 0 native plugins for Editor in 0.00 ms.
Unloading 2276 Unused Serialized files (Serialized files now loaded: 0)
System memory in use before: 106.7 MB.
System memory in use after: 106.9 MB.

Unloading 16 unused Assets to reduce memory usage. Loaded Objects now: 2814.
Total: 2.371500 ms (FindLiveObjects: 0.219800 ms CreateObjectMapping: 0.059800 ms MarkObjects: 2.076800 ms  DeleteObjects: 0.014200 ms)

========================================================================
Received Prepare
Registering precompiled user dll's ...
Registered in 0.002727 seconds.
Begin MonoManager ReloadAssembly
Native extension for WindowsStandalone target not found
Native extension for WebGL target not found
Refreshing native plugins compatible for Editor in 0.52 ms, found 4 plugins.
Preloading 0 native plugins for Editor in 0.00 ms.
Mono: successfully reloaded assembly
- Completed reload, in  0.958 seconds
Platform modules already initialized, skipping
Refreshing native plugins compatible for Editor in 0.51 ms, found 4 plugins.
Preloading 0 native plugins for Editor in 0.00 ms.
Unloading 2276 Unused Serialized files (Serialized files now loaded: 0)
System memory in use before: 106.6 MB.
System memory in use after: 106.8 MB.

Unloading 16 unused Assets to reduce memory usage. Loaded Objects now: 2817.
Total: 2.412700 ms (FindLiveObjects: 0.225100 ms CreateObjectMapping: 0.063000 ms MarkObjects: 2.109600 ms  DeleteObjects: 0.014100 ms)

========================================================================
Received Import Request.
  Time since last request: 1294.356286 seconds.
  path: Assets/Scenes/Level 5.unity
  artifactKey: Guid(4b690a9b7a243cd45a36c1b0495323d1) Importer(815301076,1909f56bfc062723c751e8b465ee728b)
Start importing Assets/Scenes/Level 5.unity using Guid(4b690a9b7a243cd45a36c1b0495323d1) Importer(815301076,1909f56bfc062723c751e8b465ee728b)  -> (artifact id: '5d96fa4481c102395691e6c5352ab65b') in 0.013864 seconds 
========================================================================
Received Prepare
Registering precompiled user dll's ...
Registered in 0.002408 seconds.
Begin MonoManager ReloadAssembly
Native extension for WindowsStandalone target not found
Native extension for WebGL target not found
Refreshing native plugins compatible for Editor in 0.51 ms, found 4 plugins.
Preloading 0 native plugins for Editor in 0.00 ms.
Mono: successfully reloaded assembly
- Completed reload, in  0.953 seconds
Platform modules already initialized, skipping
Refreshing native plugins compatible for Editor in 0.89 ms, found 4 plugins.
Preloading 0 native plugins for Editor in 0.00 ms.
Unloading 2276 Unused Serialized files (Serialized files now loaded: 0)
System memory in use before: 106.7 MB.
System memory in use after: 107.0 MB.

Unloading 16 unused Assets to reduce memory usage. Loaded Objects now: 2820.
Total: 3.863000 ms (FindLiveObjects: 0.323200 ms CreateObjectMapping: 0.097100 ms MarkObjects: 3.417600 ms  DeleteObjects: 0.023500 ms)

